<?xml version="1.0" encoding="UTF-8"?>
<testsuite name="com.secureguard.enterprise.services.AutomaticPortViewEndpointsTest" tests="10" skipped="0" failures="0" errors="0" timestamp="2026-09-20T19:32:01" hostname="runnervmlun5p" time="0.004">
  <properties/>
  <testcase name="andere Hosts werden nicht als belegt gewertet" classname="com.secureguard.enterprise.services.AutomaticPortViewEndpointsTest" time="0.002"/>
  <testcase name="keine Stack-Ports ohne primaeren Host" classname="com.secureguard.enterprise.services.AutomaticPortViewEndpointsTest" time="0.0"/>
  <testcase name="leere und ungueltige Eingaben ergeben null" classname="com.secureguard.enterprise.services.AutomaticPortViewEndpointsTest" time="0.0"/>
  <testcase name="parst tcp-URL mit Port" classname="com.secureguard.enterprise.services.AutomaticPortViewEndpointsTest" time="0.0"/>
  <testcase name="nutzt Default-Port wenn URL keinen Port enthaelt" classname="com.secureguard.enterprise.services.AutomaticPortViewEndpointsTest" time="0.0"/>
  <testcase name="parst ws-URL mit Pfad und Port" classname="com.secureguard.enterprise.services.AutomaticPortViewEndpointsTest" time="0.0"/>
  <testcase name="parst nackte host-port Angabe" classname="com.secureguard.enterprise.services.AutomaticPortViewEndpointsTest" time="0.0"/>
  <testcase name="ignoriert ungueltige explizite Ports" classname="com.secureguard.enterprise.services.AutomaticPortViewEndpointsTest" time="0.0"/>
  <testcase name="nutzt Default-Port bei nacktem Host" classname="com.secureguard.enterprise.services.AutomaticPortViewEndpointsTest" time="0.0"/>
  <testcase name="ergaenzt fehlende Stack-Ports auf primaerem Host" classname="com.secureguard.enterprise.services.AutomaticPortViewEndpointsTest" time="0.0"/>
  <system-out><![CDATA[]]></system-out>
  <system-err><![CDATA[]]></system-err>
</testsuite>
