<?xml version="1.0" encoding="UTF-8"?>
<testsuite name="com.secureguard.enterprise.IntegrationInfoTest" tests="4" skipped="0" failures="0" errors="0" timestamp="2026-09-20T19:32:01" hostname="runnervmlun5p" time="0.002">
  <properties/>
  <testcase name="secrets_areNeverDisplayed" classname="com.secureguard.enterprise.IntegrationInfoTest" time="0.001"/>
  <testcase name="stateLabels_areGermanAndDistinct" classname="com.secureguard.enterprise.IntegrationInfoTest" time="0.0"/>
  <testcase name="everyState_hasIconAndLabel" classname="com.secureguard.enterprise.IntegrationInfoTest" time="0.0"/>
  <testcase name="probeState_mapsServerAnswer" classname="com.secureguard.enterprise.IntegrationInfoTest" time="0.0"/>
  <system-out><![CDATA[]]></system-out>
  <system-err><![CDATA[]]></system-err>
</testsuite>
