<?xml version="1.0" encoding="UTF-8"?>
<testsuite name="com.secureguard.enterprise.AddAssetViewModelLogicTest" tests="3" skipped="0" failures="0" errors="0" timestamp="2026-09-20T19:31:45" hostname="runnervmlun5p" time="1.848">
  <properties/>
  <testcase name="save_rejects_invalid_mac" classname="com.secureguard.enterprise.AddAssetViewModelLogicTest" time="1.826"/>
  <testcase name="save_persists_valid_asset" classname="com.secureguard.enterprise.AddAssetViewModelLogicTest" time="0.014"/>
  <testcase name="save_requires_name_and_mac" classname="com.secureguard.enterprise.AddAssetViewModelLogicTest" time="0.006"/>
  <system-out><![CDATA[]]></system-out>
  <system-err><![CDATA[]]></system-err>
</testsuite>
