<?xml version="1.0" encoding="UTF-8"?>
<testsuite name="com.secureguard.enterprise.ModelBasicsTest" tests="3" skipped="0" failures="0" errors="0" timestamp="2026-09-20T19:32:01" hostname="runnervmlun5p" time="0.0">
  <properties/>
  <testcase name="searchResult_notFound_isStable" classname="com.secureguard.enterprise.ModelBasicsTest" time="0.0"/>
  <testcase name="assetStatus_has_online_offline" classname="com.secureguard.enterprise.ModelBasicsTest" time="0.0"/>
  <testcase name="enums_cover_all_channels" classname="com.secureguard.enterprise.ModelBasicsTest" time="0.0"/>
  <system-out><![CDATA[]]></system-out>
  <system-err><![CDATA[]]></system-err>
</testsuite>
