<?xml version="1.0" encoding="UTF-8"?>
<testsuite name="com.secureguard.enterprise.EndpointConfigTest" tests="2" skipped="0" failures="0" errors="0" timestamp="2026-09-20T19:32:01" hostname="runnervmlun5p" time="0.002">
  <properties/>
  <testcase name="deriveHttpBase_fromWebsocket" classname="com.secureguard.enterprise.EndpointConfigTest" time="0.001"/>
  <testcase name="normalizeMqtt_mqttScheme_toTcp" classname="com.secureguard.enterprise.EndpointConfigTest" time="0.0"/>
  <system-out><![CDATA[]]></system-out>
  <system-err><![CDATA[]]></system-err>
</testsuite>
